# JRE version: OpenJDK Runtime Environment Temurin-21.0.8+9 (21.0.8+9) (build 21.0.8+9-LTS)
# Java VM: OpenJDK 64-Bit Server VM Temurin-21.0.8+9 (21.0.8+9-LTS, mixed mode, sharing, tiered, compressed oops, compressed class ptrs, parallel gc, windows-amd64)
GC Precious Log:
 CardTable entry size: 512
 CPUs: 8 total, 8 available
 Memory: 16227M
 Large Page Support: Disabled
 NUMA Support: Disabled
 Compressed Oops: Enabled (32-bit)
 Alignments: Space 512K, Generation 512K, Heap 2M
 Heap Min Capacity: 100M
 Heap Initial Capacity: 100M
 Heap Max Capacity: 2G
 Pre-touch: Disabled
 Parallel Workers: 8
Heap:
 PSYoungGen      total 13824K, used 10540K [0x00000000d5580000, 0x00000000d6600000, 0x0000000100000000)
  eden space 12800K, 74% used [0x00000000d5580000,0x00000000d5ed5f08,0x00000000d6200000)
  from space 1024K, 95% used [0x00000000d6200000,0x00000000d62f5320,0x00000000d6300000)
  to   space 2048K, 0% used [0x00000000d6400000,0x00000000d6400000,0x00000000d6600000)
 ParOldGen       total 173056K, used 172963K [0x0000000080000000, 0x000000008a900000, 0x00000000d5580000)
  object space 173056K, 99% used [0x0000000080000000,0x000000008a8e8db0,0x000000008a900000)
 Metaspace       used 78247K, committed 79744K, reserved 1179648K
  class space    used 8237K, committed 8896K, reserved 1048576K
GC Heap History (20 events):
Event: 10313.789 GC heap before
{Heap before GC invocations=103 (full 3):
 PSYoungGen      total 16384K, used 16353K [0x00000000d5580000, 0x00000000d6a00000, 0x0000000100000000)
  eden space 15872K, 100% used [0x00000000d5580000,0x00000000d6500000,0x00000000d6500000)
  from space 512K, 94% used [0x00000000d6880000,0x00000000d68f8608,0x00000000d6900000)
  to   space 1024K, 0% used [0x00000000d6900000,0x00000000d6900000,0x00000000d6a00000)
 ParOldGen       total 164864K, used 164764K [0x0000000080000000, 0x000000008a100000, 0x00000000d5580000)
  object space 164864K, 99% used [0x0000000080000000,0x000000008a0e7028,0x000000008a100000)
 Metaspace       used 77498K, committed 79040K, reserved 1179648K
  class space    used 8183K, committed 8832K, reserved 1048576K
}
Event: 10313.792 GC heap after
{Heap after GC invocations=103 (full 3):
 PSYoungGen      total 16896K, used 1002K [0x00000000d5580000, 0x00000000d6a00000, 0x0000000100000000)
  eden space 15872K, 0% used [0x00000000d5580000,0x00000000d5580000,0x00000000d6500000)
  from space 1024K, 97% used [0x00000000d6900000,0x00000000d69fab20,0x00000000d6a00000)
  to   space 2560K, 0% used [0x00000000d6500000,0x00000000d6500000,0x00000000d6780000)
 ParOldGen       total 166400K, used 166143K [0x0000000080000000, 0x000000008a280000, 0x00000000d5580000)
  object space 166400K, 99% used [0x0000000080000000,0x000000008a23fef8,0x000000008a280000)
 Metaspace       used 77498K, committed 79040K, reserved 1179648K
  class space    used 8183K, committed 8832K, reserved 1048576K
}
Event: 10314.357 GC heap before
{Heap before GC invocations=104 (full 3):
 PSYoungGen      total 16896K, used 16874K [0x00000000d5580000, 0x00000000d6a00000, 0x0000000100000000)
  eden space 15872K, 100% used [0x00000000d5580000,0x00000000d6500000,0x00000000d6500000)
  from space 1024K, 97% used [0x00000000d6900000,0x00000000d69fab20,0x00000000d6a00000)
  to   space 2560K, 0% used [0x00000000d6500000,0x00000000d6500000,0x00000000d6780000)
 ParOldGen       total 166400K, used 166143K [0x0000000080000000, 0x000000008a280000, 0x00000000d5580000)
  object space 166400K, 99% used [0x0000000080000000,0x000000008a23fef8,0x000000008a280000)
 Metaspace       used 77542K, committed 79040K, reserved 1179648K
  class space    used 8183K, committed 8832K, reserved 1048576K
}
Event: 10314.359 GC heap after
{Heap after GC invocations=104 (full 3):
 PSYoungGen      total 18432K, used 2176K [0x00000000d5580000, 0x00000000d6a00000, 0x0000000100000000)
  eden space 15872K, 0% used [0x00000000d5580000,0x00000000d5580000,0x00000000d6500000)
  from space 2560K, 85% used [0x00000000d6500000,0x00000000d6720000,0x00000000d6780000)
  to   space 2560K, 0% used [0x00000000d6780000,0x00000000d6780000,0x00000000d6a00000)
 ParOldGen       total 166912K, used 166874K [0x0000000080000000, 0x000000008a300000, 0x00000000d5580000)
  object space 166912K, 99% used [0x0000000080000000,0x000000008a2f6a08,0x000000008a300000)
 Metaspace       used 77542K, committed 79040K, reserved 1179648K
  class space    used 8183K, committed 8832K, reserved 1048576K
}
Event: 10315.137 GC heap before
{Heap before GC invocations=105 (full 3):
 PSYoungGen      total 18432K, used 18048K [0x00000000d5580000, 0x00000000d6a00000, 0x0000000100000000)
  eden space 15872K, 100% used [0x00000000d5580000,0x00000000d6500000,0x00000000d6500000)
  from space 2560K, 85% used [0x00000000d6500000,0x00000000d6720000,0x00000000d6780000)
  to   space 2560K, 0% used [0x00000000d6780000,0x00000000d6780000,0x00000000d6a00000)
 ParOldGen       total 166912K, used 166874K [0x0000000080000000, 0x000000008a300000, 0x00000000d5580000)
  object space 166912K, 99% used [0x0000000080000000,0x000000008a2f6a08,0x000000008a300000)
 Metaspace       used 77582K, committed 79104K, reserved 1179648K
  class space    used 8183K, committed 8832K, reserved 1048576K
}
Event: 10315.138 GC heap after
{Heap after GC invocations=105 (full 3):
 PSYoungGen      total 16384K, used 192K [0x00000000d5580000, 0x00000000d6800000, 0x0000000100000000)
  eden space 15872K, 0% used [0x00000000d5580000,0x00000000d5580000,0x00000000d6500000)
  from space 512K, 37% used [0x00000000d6780000,0x00000000d67b0000,0x00000000d6800000)
  to   space 1024K, 0% used [0x00000000d6600000,0x00000000d6600000,0x00000000d6700000)
 ParOldGen       total 168960K, used 168458K [0x0000000080000000, 0x000000008a500000, 0x00000000d5580000)
  object space 168960K, 99% used [0x0000000080000000,0x000000008a482a08,0x000000008a500000)
 Metaspace       used 77582K, committed 79104K, reserved 1179648K
  class space    used 8183K, committed 8832K, reserved 1048576K
}
Event: 10315.790 GC heap before
{Heap before GC invocations=106 (full 3):
 PSYoungGen      total 16384K, used 16064K [0x00000000d5580000, 0x00000000d6800000, 0x0000000100000000)
  eden space 15872K, 100% used [0x00000000d5580000,0x00000000d6500000,0x00000000d6500000)
  from space 512K, 37% used [0x00000000d6780000,0x00000000d67b0000,0x00000000d6800000)
  to   space 1024K, 0% used [0x00000000d6600000,0x00000000d6600000,0x00000000d6700000)
 ParOldGen       total 168960K, used 168458K [0x0000000080000000, 0x000000008a500000, 0x00000000d5580000)
  object space 168960K, 99% used [0x0000000080000000,0x000000008a482a08,0x000000008a500000)
 Metaspace       used 77605K, committed 79104K, reserved 1179648K
  class space    used 8183K, committed 8832K, reserved 1048576K
}
Event: 10315.792 GC heap after
{Heap after GC invocations=106 (full 3):
 PSYoungGen      total 16896K, used 720K [0x00000000d5580000, 0x00000000d6800000, 0x0000000100000000)
  eden space 15872K, 0% used [0x00000000d5580000,0x00000000d5580000,0x00000000d6500000)
  from space 1024K, 70% used [0x00000000d6600000,0x00000000d66b4010,0x00000000d6700000)
  to   space 1024K, 0% used [0x00000000d6700000,0x00000000d6700000,0x00000000d6800000)
 ParOldGen       total 168960K, used 168490K [0x0000000080000000, 0x000000008a500000, 0x00000000d5580000)
  object space 168960K, 99% used [0x0000000080000000,0x000000008a48aa08,0x000000008a500000)
 Metaspace       used 77605K, committed 79104K, reserved 1179648K
  class space    used 8183K, committed 8832K, reserved 1048576K
}
Event: 10316.408 GC heap before
{Heap before GC invocations=107 (full 3):
 PSYoungGen      total 16896K, used 16592K [0x00000000d5580000, 0x00000000d6800000, 0x0000000100000000)
  eden space 15872K, 100% used [0x00000000d5580000,0x00000000d6500000,0x00000000d6500000)
  from space 1024K, 70% used [0x00000000d6600000,0x00000000d66b4010,0x00000000d6700000)
  to   space 1024K, 0% used [0x00000000d6700000,0x00000000d6700000,0x00000000d6800000)
 ParOldGen       total 168960K, used 168490K [0x0000000080000000, 0x000000008a500000, 0x00000000d5580000)
  object space 168960K, 99% used [0x0000000080000000,0x000000008a48aa08,0x000000008a500000)
 Metaspace       used 77609K, committed 79104K, reserved 1179648K
  class space    used 8183K, committed 8832K, reserved 1048576K
}
Event: 10316.409 GC heap after
{Heap after GC invocations=107 (full 3):
 PSYoungGen      total 16896K, used 666K [0x00000000d5580000, 0x00000000d6800000, 0x0000000100000000)
  eden space 15872K, 0% used [0x00000000d5580000,0x00000000d5580000,0x00000000d6500000)
  from space 1024K, 65% used [0x00000000d6700000,0x00000000d67a6b10,0x00000000d6800000)
  to   space 1024K, 0% used [0x00000000d6600000,0x00000000d6600000,0x00000000d6700000)
 ParOldGen       total 168960K, used 168879K [0x0000000080000000, 0x000000008a500000, 0x00000000d5580000)
  object space 168960K, 99% used [0x0000000080000000,0x000000008a4ebe98,0x000000008a500000)
 Metaspace       used 77609K, committed 79104K, reserved 1179648K
  class space    used 8183K, committed 8832K, reserved 1048576K
}
Event: 10317.430 GC heap before
{Heap before GC invocations=108 (full 3):
 PSYoungGen      total 16896K, used 16538K [0x00000000d5580000, 0x00000000d6800000, 0x0000000100000000)
  eden space 15872K, 100% used [0x00000000d5580000,0x00000000d6500000,0x00000000d6500000)
  from space 1024K, 65% used [0x00000000d6700000,0x00000000d67a6b10,0x00000000d6800000)
  to   space 1024K, 0% used [0x00000000d6600000,0x00000000d6600000,0x00000000d6700000)
 ParOldGen       total 168960K, used 168879K [0x0000000080000000, 0x000000008a500000, 0x00000000d5580000)
  object space 168960K, 99% used [0x0000000080000000,0x000000008a4ebe98,0x000000008a500000)
 Metaspace       used 77678K, committed 79168K, reserved 1179648K
  class space    used 8183K, committed 8832K, reserved 1048576K
}
Event: 10317.433 GC heap after
{Heap after GC invocations=108 (full 3):
 PSYoungGen      total 16896K, used 993K [0x00000000d5580000, 0x00000000d6a00000, 0x0000000100000000)
  eden space 15872K, 0% used [0x00000000d5580000,0x00000000d5580000,0x00000000d6500000)
  from space 1024K, 97% used [0x00000000d6600000,0x00000000d66f8608,0x00000000d6700000)
  to   space 2560K, 0% used [0x00000000d6780000,0x00000000d6780000,0x00000000d6a00000)
 ParOldGen       total 170496K, used 170121K [0x0000000080000000, 0x000000008a680000, 0x00000000d5580000)
  object space 170496K, 99% used [0x0000000080000000,0x000000008a6224a0,0x000000008a680000)
 Metaspace       used 77678K, committed 79168K, reserved 1179648K
  class space    used 8183K, committed 8832K, reserved 1048576K
}
Event: 10317.928 GC heap before
{Heap before GC invocations=109 (full 3):
 PSYoungGen      total 16896K, used 16865K [0x00000000d5580000, 0x00000000d6a00000, 0x0000000100000000)
  eden space 15872K, 100% used [0x00000000d5580000,0x00000000d6500000,0x00000000d6500000)
  from space 1024K, 97% used [0x00000000d6600000,0x00000000d66f8608,0x00000000d6700000)
  to   space 2560K, 0% used [0x00000000d6780000,0x00000000d6780000,0x00000000d6a00000)
 ParOldGen       total 170496K, used 170121K [0x0000000080000000, 0x000000008a680000, 0x00000000d5580000)
  object space 170496K, 99% used [0x0000000080000000,0x000000008a6224a0,0x000000008a680000)
 Metaspace       used 77700K, committed 79232K, reserved 1179648K
  class space    used 8183K, committed 8832K, reserved 1048576K
}
Event: 10317.931 GC heap after
{Heap after GC invocations=109 (full 3):
 PSYoungGen      total 15360K, used 2531K [0x00000000d5580000, 0x00000000d7000000, 0x0000000100000000)
  eden space 12800K, 0% used [0x00000000d5580000,0x00000000d5580000,0x00000000d6200000)
  from space 2560K, 98% used [0x00000000d6780000,0x00000000d69f8c10,0x00000000d6a00000)
  to   space 5632K, 0% used [0x00000000d6200000,0x00000000d6200000,0x00000000d6780000)
 ParOldGen       total 172544K, used 172355K [0x0000000080000000, 0x000000008a880000, 0x00000000d5580000)
  object space 172544K, 99% used [0x0000000080000000,0x000000008a850db0,0x000000008a880000)
 Metaspace       used 77700K, committed 79232K, reserved 1179648K
  class space    used 8183K, committed 8832K, reserved 1048576K
}
Event: 10318.242 GC heap before
{Heap before GC invocations=110 (full 3):
 PSYoungGen      total 15360K, used 15331K [0x00000000d5580000, 0x00000000d7000000, 0x0000000100000000)
  eden space 12800K, 100% used [0x00000000d5580000,0x00000000d6200000,0x00000000d6200000)
  from space 2560K, 98% used [0x00000000d6780000,0x00000000d69f8c10,0x00000000d6a00000)
  to   space 5632K, 0% used [0x00000000d6200000,0x00000000d6200000,0x00000000d6780000)
 ParOldGen       total 172544K, used 172355K [0x0000000080000000, 0x000000008a880000, 0x00000000d5580000)
  object space 172544K, 99% used [0x0000000080000000,0x000000008a850db0,0x000000008a880000)
 Metaspace       used 77703K, committed 79232K, reserved 1179648K
  class space    used 8183K, committed 8832K, reserved 1048576K
}
Event: 10318.244 GC heap after
{Heap after GC invocations=110 (full 3):
 PSYoungGen      total 15360K, used 2330K [0x00000000d5580000, 0x00000000d6900000, 0x0000000100000000)
  eden space 12800K, 0% used [0x00000000d5580000,0x00000000d5580000,0x00000000d6200000)
  from space 2560K, 91% used [0x00000000d6200000,0x00000000d6446b10,0x00000000d6480000)
  to   space 3584K, 0% used [0x00000000d6580000,0x00000000d6580000,0x00000000d6900000)
 ParOldGen       total 173056K, used 172811K [0x0000000080000000, 0x000000008a900000, 0x00000000d5580000)
  object space 173056K, 99% used [0x0000000080000000,0x000000008a8c2db0,0x000000008a900000)
 Metaspace       used 77703K, committed 79232K, reserved 1179648K
  class space    used 8183K, committed 8832K, reserved 1048576K
}
Event: 10319.053 GC heap before
{Heap before GC invocations=111 (full 3):
 PSYoungGen      total 15360K, used 15130K [0x00000000d5580000, 0x00000000d6900000, 0x0000000100000000)
  eden space 12800K, 100% used [0x00000000d5580000,0x00000000d6200000,0x00000000d6200000)
  from space 2560K, 91% used [0x00000000d6200000,0x00000000d6446b10,0x00000000d6480000)
  to   space 3584K, 0% used [0x00000000d6580000,0x00000000d6580000,0x00000000d6900000)
 ParOldGen       total 173056K, used 172811K [0x0000000080000000, 0x000000008a900000, 0x00000000d5580000)
  object space 173056K, 99% used [0x0000000080000000,0x000000008a8c2db0,0x000000008a900000)
 Metaspace       used 77709K, committed 79232K, reserved 1179648K
  class space    used 8183K, committed 8832K, reserved 1048576K
}
Event: 10319.055 GC heap after
{Heap after GC invocations=111 (full 3):
 PSYoungGen      total 16384K, used 3171K [0x00000000d5580000, 0x00000000d6900000, 0x0000000100000000)
  eden space 12800K, 0% used [0x00000000d5580000,0x00000000d5580000,0x00000000d6200000)
  from space 3584K, 88% used [0x00000000d6580000,0x00000000d6898c10,0x00000000d6900000)
  to   space 3584K, 0% used [0x00000000d6200000,0x00000000d6200000,0x00000000d6580000)
 ParOldGen       total 173056K, used 172875K [0x0000000080000000, 0x000000008a900000, 0x00000000d5580000)
  object space 173056K, 99% used [0x0000000080000000,0x000000008a8d2db0,0x000000008a900000)
 Metaspace       used 77709K, committed 79232K, reserved 1179648K
  class space    used 8183K, committed 8832K, reserved 1048576K
}
Event: 10559.059 GC heap before
{Heap before GC invocations=112 (full 3):
 PSYoungGen      total 16384K, used 15971K [0x00000000d5580000, 0x00000000d6900000, 0x0000000100000000)
  eden space 12800K, 100% used [0x00000000d5580000,0x00000000d6200000,0x00000000d6200000)
  from space 3584K, 88% used [0x00000000d6580000,0x00000000d6898c10,0x00000000d6900000)
  to   space 3584K, 0% used [0x00000000d6200000,0x00000000d6200000,0x00000000d6580000)
 ParOldGen       total 173056K, used 172875K [0x0000000080000000, 0x000000008a900000, 0x00000000d5580000)
  object space 173056K, 99% used [0x0000000080000000,0x000000008a8d2db0,0x000000008a900000)
 Metaspace       used 78185K, committed 79680K, reserved 1179648K
  class space    used 8236K, committed 8896K, reserved 1048576K
}
Event: 10559.065 GC heap after
{Heap after GC invocations=112 (full 3):
 PSYoungGen      total 13824K, used 980K [0x00000000d5580000, 0x00000000d6600000, 0x0000000100000000)
  eden space 12800K, 0% used [0x00000000d5580000,0x00000000d5580000,0x00000000d6200000)
  from space 1024K, 95% used [0x00000000d6200000,0x00000000d62f5320,0x00000000d6300000)
  to   space 2048K, 0% used [0x00000000d6400000,0x00000000d6400000,0x00000000d6600000)
 ParOldGen       total 173056K, used 172963K [0x0000000080000000, 0x000000008a900000, 0x00000000d5580000)
  object space 173056K, 99% used [0x0000000080000000,0x000000008a8e8db0,0x000000008a900000)
 Metaspace       used 78185K, committed 79680K, reserved 1179648K
  class space    used 8236K, committed 8896K, reserved 1048576K
}

