# JRE version: OpenJDK Runtime Environment Temurin-21.0.8+9 (21.0.8+9) (build 21.0.8+9-LTS)
# Java VM: OpenJDK 64-Bit Server VM Temurin-21.0.8+9 (21.0.8+9-LTS, mixed mode, sharing, tiered, compressed oops, compressed class ptrs, parallel gc, windows-amd64)
GC Precious Log:
 CardTable entry size: 512
 CPUs: 8 total, 8 available
 Memory: 16227M
 Large Page Support: Disabled
 NUMA Support: Disabled
 Compressed Oops: Enabled (32-bit)
 Alignments: Space 512K, Generation 512K, Heap 2M
 Heap Min Capacity: 100M
 Heap Initial Capacity: 100M
 Heap Max Capacity: 2G
 Pre-touch: Disabled
 Parallel Workers: 8
Heap:
 PSYoungGen      total 7680K, used 4554K [0x00000000d5580000, 0x00000000d6000000, 0x0000000100000000)
  eden space 7168K, 61% used [0x00000000d5580000,0x00000000d59cab70,0x00000000d5c80000)
  from space 512K, 31% used [0x00000000d5f80000,0x00000000d5fa8000,0x00000000d6000000)
  to   space 512K, 0% used [0x00000000d5f00000,0x00000000d5f00000,0x00000000d5f80000)
 ParOldGen       total 374784K, used 374735K [0x0000000080000000, 0x0000000096e00000, 0x00000000d5580000)
  object space 374784K, 99% used [0x0000000080000000,0x0000000096df3ee0,0x0000000096e00000)
 Metaspace       used 88387K, committed 90048K, reserved 1179648K
  class space    used 9281K, committed 10048K, reserved 1048576K
GC Heap History (20 events):
Event: 12797.739 GC heap before
{Heap before GC invocations=1092 (full 4):
 PSYoungGen      total 7680K, used 7296K [0x00000000d5580000, 0x00000000d6000000, 0x0000000100000000)
  eden space 7168K, 100% used [0x00000000d5580000,0x00000000d5c80000,0x00000000d5c80000)
  from space 512K, 25% used [0x00000000d5f00000,0x00000000d5f20000,0x00000000d5f80000)
  to   space 512K, 0% used [0x00000000d5f80000,0x00000000d5f80000,0x00000000d6000000)
 ParOldGen       total 374272K, used 374235K [0x0000000080000000, 0x0000000096d80000, 0x00000000d5580000)
  object space 374272K, 99% used [0x0000000080000000,0x0000000096d76ed0,0x0000000096d80000)
 Metaspace       used 88387K, committed 90048K, reserved 1179648K
  class space    used 9281K, committed 10048K, reserved 1048576K
}
Event: 12797.741 GC heap after
{Heap after GC invocations=1092 (full 4):
 PSYoungGen      total 7680K, used 192K [0x00000000d5580000, 0x00000000d6000000, 0x0000000100000000)
  eden space 7168K, 0% used [0x00000000d5580000,0x00000000d5580000,0x00000000d5c80000)
  from space 512K, 37% used [0x00000000d5f80000,0x00000000d5fb0000,0x00000000d6000000)
  to   space 512K, 0% used [0x00000000d5f00000,0x00000000d5f00000,0x00000000d5f80000)
 ParOldGen       total 374784K, used 374275K [0x0000000080000000, 0x0000000096e00000, 0x00000000d5580000)
  object space 374784K, 99% used [0x0000000080000000,0x0000000096d80ed0,0x0000000096e00000)
 Metaspace       used 88387K, committed 90048K, reserved 1179648K
  class space    used 9281K, committed 10048K, reserved 1048576K
}
Event: 12797.750 GC heap before
{Heap before GC invocations=1093 (full 4):
 PSYoungGen      total 7680K, used 7327K [0x00000000d5580000, 0x00000000d6000000, 0x0000000100000000)
  eden space 7168K, 99% used [0x00000000d5580000,0x00000000d5c77c78,0x00000000d5c80000)
  from space 512K, 37% used [0x00000000d5f80000,0x00000000d5fb0000,0x00000000d6000000)
  to   space 512K, 0% used [0x00000000d5f00000,0x00000000d5f00000,0x00000000d5f80000)
 ParOldGen       total 374784K, used 374275K [0x0000000080000000, 0x0000000096e00000, 0x00000000d5580000)
  object space 374784K, 99% used [0x0000000080000000,0x0000000096d80ed0,0x0000000096e00000)
 Metaspace       used 88387K, committed 90048K, reserved 1179648K
  class space    used 9281K, committed 10048K, reserved 1048576K
}
Event: 12797.751 GC heap after
{Heap after GC invocations=1093 (full 4):
 PSYoungGen      total 7680K, used 160K [0x00000000d5580000, 0x00000000d6000000, 0x0000000100000000)
  eden space 7168K, 0% used [0x00000000d5580000,0x00000000d5580000,0x00000000d5c80000)
  from space 512K, 31% used [0x00000000d5f00000,0x00000000d5f28000,0x00000000d5f80000)
  to   space 512K, 0% used [0x00000000d5f80000,0x00000000d5f80000,0x00000000d6000000)
 ParOldGen       total 374784K, used 374315K [0x0000000080000000, 0x0000000096e00000, 0x00000000d5580000)
  object space 374784K, 99% used [0x0000000080000000,0x0000000096d8aed0,0x0000000096e00000)
 Metaspace       used 88387K, committed 90048K, reserved 1179648K
  class space    used 9281K, committed 10048K, reserved 1048576K
}
Event: 12797.761 GC heap before
{Heap before GC invocations=1094 (full 4):
 PSYoungGen      total 7680K, used 7293K [0x00000000d5580000, 0x00000000d6000000, 0x0000000100000000)
  eden space 7168K, 99% used [0x00000000d5580000,0x00000000d5c775f0,0x00000000d5c80000)
  from space 512K, 31% used [0x00000000d5f00000,0x00000000d5f28000,0x00000000d5f80000)
  to   space 512K, 0% used [0x00000000d5f80000,0x00000000d5f80000,0x00000000d6000000)
 ParOldGen       total 374784K, used 374315K [0x0000000080000000, 0x0000000096e00000, 0x00000000d5580000)
  object space 374784K, 99% used [0x0000000080000000,0x0000000096d8aed0,0x0000000096e00000)
 Metaspace       used 88387K, committed 90048K, reserved 1179648K
  class space    used 9281K, committed 10048K, reserved 1048576K
}
Event: 12797.762 GC heap after
{Heap after GC invocations=1094 (full 4):
 PSYoungGen      total 7680K, used 160K [0x00000000d5580000, 0x00000000d6000000, 0x0000000100000000)
  eden space 7168K, 0% used [0x00000000d5580000,0x00000000d5580000,0x00000000d5c80000)
  from space 512K, 31% used [0x00000000d5f80000,0x00000000d5fa8000,0x00000000d6000000)
  to   space 512K, 0% used [0x00000000d5f00000,0x00000000d5f00000,0x00000000d5f80000)
 ParOldGen       total 374784K, used 374347K [0x0000000080000000, 0x0000000096e00000, 0x00000000d5580000)
  object space 374784K, 99% used [0x0000000080000000,0x0000000096d92ed0,0x0000000096e00000)
 Metaspace       used 88387K, committed 90048K, reserved 1179648K
  class space    used 9281K, committed 10048K, reserved 1048576K
}
Event: 12797.772 GC heap before
{Heap before GC invocations=1095 (full 4):
 PSYoungGen      total 7680K, used 7286K [0x00000000d5580000, 0x00000000d6000000, 0x0000000100000000)
  eden space 7168K, 99% used [0x00000000d5580000,0x00000000d5c75918,0x00000000d5c80000)
  from space 512K, 31% used [0x00000000d5f80000,0x00000000d5fa8000,0x00000000d6000000)
  to   space 512K, 0% used [0x00000000d5f00000,0x00000000d5f00000,0x00000000d5f80000)
 ParOldGen       total 374784K, used 374347K [0x0000000080000000, 0x0000000096e00000, 0x00000000d5580000)
  object space 374784K, 99% used [0x0000000080000000,0x0000000096d92ed0,0x0000000096e00000)
 Metaspace       used 88387K, committed 90048K, reserved 1179648K
  class space    used 9281K, committed 10048K, reserved 1048576K
}
Event: 12797.775 GC heap after
{Heap after GC invocations=1095 (full 4):
 PSYoungGen      total 7680K, used 128K [0x00000000d5580000, 0x00000000d6000000, 0x0000000100000000)
  eden space 7168K, 0% used [0x00000000d5580000,0x00000000d5580000,0x00000000d5c80000)
  from space 512K, 25% used [0x00000000d5f00000,0x00000000d5f20000,0x00000000d5f80000)
  to   space 512K, 0% used [0x00000000d5f80000,0x00000000d5f80000,0x00000000d6000000)
 ParOldGen       total 374784K, used 374375K [0x0000000080000000, 0x0000000096e00000, 0x00000000d5580000)
  object space 374784K, 99% used [0x0000000080000000,0x0000000096d99ee0,0x0000000096e00000)
 Metaspace       used 88387K, committed 90048K, reserved 1179648K
  class space    used 9281K, committed 10048K, reserved 1048576K
}
Event: 12797.788 GC heap before
{Heap before GC invocations=1096 (full 4):
 PSYoungGen      total 7680K, used 7296K [0x00000000d5580000, 0x00000000d6000000, 0x0000000100000000)
  eden space 7168K, 100% used [0x00000000d5580000,0x00000000d5c80000,0x00000000d5c80000)
  from space 512K, 25% used [0x00000000d5f00000,0x00000000d5f20000,0x00000000d5f80000)
  to   space 512K, 0% used [0x00000000d5f80000,0x00000000d5f80000,0x00000000d6000000)
 ParOldGen       total 374784K, used 374375K [0x0000000080000000, 0x0000000096e00000, 0x00000000d5580000)
  object space 374784K, 99% used [0x0000000080000000,0x0000000096d99ee0,0x0000000096e00000)
 Metaspace       used 88387K, committed 90048K, reserved 1179648K
  class space    used 9281K, committed 10048K, reserved 1048576K
}
Event: 12797.790 GC heap after
{Heap after GC invocations=1096 (full 4):
 PSYoungGen      total 7680K, used 192K [0x00000000d5580000, 0x00000000d6000000, 0x0000000100000000)
  eden space 7168K, 0% used [0x00000000d5580000,0x00000000d5580000,0x00000000d5c80000)
  from space 512K, 37% used [0x00000000d5f80000,0x00000000d5fb0000,0x00000000d6000000)
  to   space 512K, 0% used [0x00000000d5f00000,0x00000000d5f00000,0x00000000d5f80000)
 ParOldGen       total 374784K, used 374431K [0x0000000080000000, 0x0000000096e00000, 0x00000000d5580000)
  object space 374784K, 99% used [0x0000000080000000,0x0000000096da7ee0,0x0000000096e00000)
 Metaspace       used 88387K, committed 90048K, reserved 1179648K
  class space    used 9281K, committed 10048K, reserved 1048576K
}
Event: 12797.803 GC heap before
{Heap before GC invocations=1097 (full 4):
 PSYoungGen      total 7680K, used 7360K [0x00000000d5580000, 0x00000000d6000000, 0x0000000100000000)
  eden space 7168K, 100% used [0x00000000d5580000,0x00000000d5c80000,0x00000000d5c80000)
  from space 512K, 37% used [0x00000000d5f80000,0x00000000d5fb0000,0x00000000d6000000)
  to   space 512K, 0% used [0x00000000d5f00000,0x00000000d5f00000,0x00000000d5f80000)
 ParOldGen       total 374784K, used 374431K [0x0000000080000000, 0x0000000096e00000, 0x00000000d5580000)
  object space 374784K, 99% used [0x0000000080000000,0x0000000096da7ee0,0x0000000096e00000)
 Metaspace       used 88387K, committed 90048K, reserved 1179648K
  class space    used 9281K, committed 10048K, reserved 1048576K
}
Event: 12797.805 GC heap after
{Heap after GC invocations=1097 (full 4):
 PSYoungGen      total 7680K, used 192K [0x00000000d5580000, 0x00000000d6000000, 0x0000000100000000)
  eden space 7168K, 0% used [0x00000000d5580000,0x00000000d5580000,0x00000000d5c80000)
  from space 512K, 37% used [0x00000000d5f00000,0x00000000d5f30000,0x00000000d5f80000)
  to   space 512K, 0% used [0x00000000d5f80000,0x00000000d5f80000,0x00000000d6000000)
 ParOldGen       total 374784K, used 374463K [0x0000000080000000, 0x0000000096e00000, 0x00000000d5580000)
  object space 374784K, 99% used [0x0000000080000000,0x0000000096dafee0,0x0000000096e00000)
 Metaspace       used 88387K, committed 90048K, reserved 1179648K
  class space    used 9281K, committed 10048K, reserved 1048576K
}
Event: 12797.822 GC heap before
{Heap before GC invocations=1098 (full 4):
 PSYoungGen      total 7680K, used 7360K [0x00000000d5580000, 0x00000000d6000000, 0x0000000100000000)
  eden space 7168K, 100% used [0x00000000d5580000,0x00000000d5c80000,0x00000000d5c80000)
  from space 512K, 37% used [0x00000000d5f00000,0x00000000d5f30000,0x00000000d5f80000)
  to   space 512K, 0% used [0x00000000d5f80000,0x00000000d5f80000,0x00000000d6000000)
 ParOldGen       total 374784K, used 374463K [0x0000000080000000, 0x0000000096e00000, 0x00000000d5580000)
  object space 374784K, 99% used [0x0000000080000000,0x0000000096dafee0,0x0000000096e00000)
 Metaspace       used 88387K, committed 90048K, reserved 1179648K
  class space    used 9281K, committed 10048K, reserved 1048576K
}
Event: 12797.830 GC heap after
{Heap after GC invocations=1098 (full 4):
 PSYoungGen      total 7680K, used 128K [0x00000000d5580000, 0x00000000d6000000, 0x0000000100000000)
  eden space 7168K, 0% used [0x00000000d5580000,0x00000000d5580000,0x00000000d5c80000)
  from space 512K, 25% used [0x00000000d5f80000,0x00000000d5fa0000,0x00000000d6000000)
  to   space 512K, 0% used [0x00000000d5f00000,0x00000000d5f00000,0x00000000d5f80000)
 ParOldGen       total 374784K, used 374495K [0x0000000080000000, 0x0000000096e00000, 0x00000000d5580000)
  object space 374784K, 99% used [0x0000000080000000,0x0000000096db7ee0,0x0000000096e00000)
 Metaspace       used 88387K, committed 90048K, reserved 1179648K
  class space    used 9281K, committed 10048K, reserved 1048576K
}
Event: 12797.854 GC heap before
{Heap before GC invocations=1099 (full 4):
 PSYoungGen      total 7680K, used 7283K [0x00000000d5580000, 0x00000000d6000000, 0x0000000100000000)
  eden space 7168K, 99% used [0x00000000d5580000,0x00000000d5c7cef8,0x00000000d5c80000)
  from space 512K, 25% used [0x00000000d5f80000,0x00000000d5fa0000,0x00000000d6000000)
  to   space 512K, 0% used [0x00000000d5f00000,0x00000000d5f00000,0x00000000d5f80000)
 ParOldGen       total 374784K, used 374495K [0x0000000080000000, 0x0000000096e00000, 0x00000000d5580000)
  object space 374784K, 99% used [0x0000000080000000,0x0000000096db7ee0,0x0000000096e00000)
 Metaspace       used 88387K, committed 90048K, reserved 1179648K
  class space    used 9281K, committed 10048K, reserved 1048576K
}
Event: 12797.859 GC heap after
{Heap after GC invocations=1099 (full 4):
 PSYoungGen      total 7680K, used 160K [0x00000000d5580000, 0x00000000d6000000, 0x0000000100000000)
  eden space 7168K, 0% used [0x00000000d5580000,0x00000000d5580000,0x00000000d5c80000)
  from space 512K, 31% used [0x00000000d5f00000,0x00000000d5f28000,0x00000000d5f80000)
  to   space 512K, 0% used [0x00000000d5f80000,0x00000000d5f80000,0x00000000d6000000)
 ParOldGen       total 374784K, used 374535K [0x0000000080000000, 0x0000000096e00000, 0x00000000d5580000)
  object space 374784K, 99% used [0x0000000080000000,0x0000000096dc1ee0,0x0000000096e00000)
 Metaspace       used 88387K, committed 90048K, reserved 1179648K
  class space    used 9281K, committed 10048K, reserved 1048576K
}
Event: 12797.883 GC heap before
{Heap before GC invocations=1100 (full 4):
 PSYoungGen      total 7680K, used 7328K [0x00000000d5580000, 0x00000000d6000000, 0x0000000100000000)
  eden space 7168K, 100% used [0x00000000d5580000,0x00000000d5c80000,0x00000000d5c80000)
  from space 512K, 31% used [0x00000000d5f00000,0x00000000d5f28000,0x00000000d5f80000)
  to   space 512K, 0% used [0x00000000d5f80000,0x00000000d5f80000,0x00000000d6000000)
 ParOldGen       total 374784K, used 374535K [0x0000000080000000, 0x0000000096e00000, 0x00000000d5580000)
  object space 374784K, 99% used [0x0000000080000000,0x0000000096dc1ee0,0x0000000096e00000)
 Metaspace       used 88387K, committed 90048K, reserved 1179648K
  class space    used 9281K, committed 10048K, reserved 1048576K
}
Event: 12797.885 GC heap after
{Heap after GC invocations=1100 (full 4):
 PSYoungGen      total 7680K, used 192K [0x00000000d5580000, 0x00000000d6000000, 0x0000000100000000)
  eden space 7168K, 0% used [0x00000000d5580000,0x00000000d5580000,0x00000000d5c80000)
  from space 512K, 37% used [0x00000000d5f80000,0x00000000d5fb0000,0x00000000d6000000)
  to   space 512K, 0% used [0x00000000d5f00000,0x00000000d5f00000,0x00000000d5f80000)
 ParOldGen       total 374784K, used 374567K [0x0000000080000000, 0x0000000096e00000, 0x00000000d5580000)
  object space 374784K, 99% used [0x0000000080000000,0x0000000096dc9ee0,0x0000000096e00000)
 Metaspace       used 88387K, committed 90048K, reserved 1179648K
  class space    used 9281K, committed 10048K, reserved 1048576K
}
Event: 12797.908 GC heap before
{Heap before GC invocations=1101 (full 4):
 PSYoungGen      total 7680K, used 7360K [0x00000000d5580000, 0x00000000d6000000, 0x0000000100000000)
  eden space 7168K, 100% used [0x00000000d5580000,0x00000000d5c80000,0x00000000d5c80000)
  from space 512K, 37% used [0x00000000d5f80000,0x00000000d5fb0000,0x00000000d6000000)
  to   space 512K, 0% used [0x00000000d5f00000,0x00000000d5f00000,0x00000000d5f80000)
 ParOldGen       total 374784K, used 374567K [0x0000000080000000, 0x0000000096e00000, 0x00000000d5580000)
  object space 374784K, 99% used [0x0000000080000000,0x0000000096dc9ee0,0x0000000096e00000)
 Metaspace       used 88387K, committed 90048K, reserved 1179648K
  class space    used 9281K, committed 10048K, reserved 1048576K
}
Event: 12797.915 GC heap after
{Heap after GC invocations=1101 (full 4):
 PSYoungGen      total 7680K, used 160K [0x00000000d5580000, 0x00000000d6000000, 0x0000000100000000)
  eden space 7168K, 0% used [0x00000000d5580000,0x00000000d5580000,0x00000000d5c80000)
  from space 512K, 31% used [0x00000000d5f00000,0x00000000d5f28000,0x00000000d5f80000)
  to   space 512K, 0% used [0x00000000d5f80000,0x00000000d5f80000,0x00000000d6000000)
 ParOldGen       total 374784K, used 374607K [0x0000000080000000, 0x0000000096e00000, 0x00000000d5580000)
  object space 374784K, 99% used [0x0000000080000000,0x0000000096dd3ee0,0x0000000096e00000)
 Metaspace       used 88387K, committed 90048K, reserved 1179648K
  class space    used 9281K, committed 10048K, reserved 1048576K
}

